  MyForm.cpp
c:\users\jurek\desktop\symulator ruchu ulicznego\project1 v1 gotowy\project1\MyForm.h(1026): warning C4244: '=': conversion from 'double' to 'int', possible loss of data
c:\users\jurek\desktop\symulator ruchu ulicznego\project1 v1 gotowy\project1\MyForm.h(1356): warning C4244: 'argument': conversion from 'double' to 'int', possible loss of data
c:\users\jurek\desktop\symulator ruchu ulicznego\project1 v1 gotowy\project1\MyForm.h(1369): warning C4244: 'argument': conversion from 'double' to 'int', possible loss of data
c:\users\jurek\desktop\symulator ruchu ulicznego\project1 v1 gotowy\project1\MyForm.h(1383): warning C4244: 'argument': conversion from 'double' to 'int', possible loss of data
c:\users\jurek\desktop\symulator ruchu ulicznego\project1 v1 gotowy\project1\MyForm.h(1407): warning C4244: 'argument': conversion from 'double' to 'int', possible loss of data
c:\users\jurek\desktop\symulator ruchu ulicznego\project1 v1 gotowy\project1\MyForm.h(1412): warning C4244: 'argument': conversion from 'double' to 'int', possible loss of data
c:\users\jurek\desktop\symulator ruchu ulicznego\project1 v1 gotowy\project1\MyForm.h(1426): warning C4244: 'argument': conversion from 'double' to 'int', possible loss of data
c:\users\jurek\desktop\symulator ruchu ulicznego\project1 v1 gotowy\project1\MyForm.h(1441): warning C4244: 'argument': conversion from 'double' to 'int', possible loss of data
c:\users\jurek\desktop\symulator ruchu ulicznego\project1 v1 gotowy\project1\MyForm.h(1454): warning C4244: 'argument': conversion from 'double' to 'int', possible loss of data
c:\users\jurek\desktop\symulator ruchu ulicznego\project1 v1 gotowy\project1\MyForm.h(1466): warning C4244: 'argument': conversion from 'double' to 'int', possible loss of data
c:\users\jurek\desktop\symulator ruchu ulicznego\project1 v1 gotowy\project1\MyForm.h(1480): warning C4244: 'argument': conversion from 'double' to 'int', possible loss of data
c:\users\jurek\desktop\symulator ruchu ulicznego\project1 v1 gotowy\project1\MyForm.h(1503): warning C4244: 'argument': conversion from 'double' to 'int', possible loss of data
c:\users\jurek\desktop\symulator ruchu ulicznego\project1 v1 gotowy\project1\MyForm.h(1508): warning C4244: 'argument': conversion from 'double' to 'int', possible loss of data
c:\users\jurek\desktop\symulator ruchu ulicznego\project1 v1 gotowy\project1\MyForm.h(1522): warning C4244: 'argument': conversion from 'double' to 'int', possible loss of data
c:\users\jurek\desktop\symulator ruchu ulicznego\project1 v1 gotowy\project1\MyForm.h(1537): warning C4244: 'argument': conversion from 'double' to 'int', possible loss of data
c:\users\jurek\desktop\symulator ruchu ulicznego\project1 v1 gotowy\project1\MyForm.h(1550): warning C4244: 'argument': conversion from 'double' to 'int', possible loss of data
c:\users\jurek\desktop\symulator ruchu ulicznego\project1 v1 gotowy\project1\MyForm.h(1562): warning C4244: 'argument': conversion from 'double' to 'int', possible loss of data
c:\users\jurek\desktop\symulator ruchu ulicznego\project1 v1 gotowy\project1\MyForm.h(1576): warning C4244: 'argument': conversion from 'double' to 'int', possible loss of data
c:\users\jurek\desktop\symulator ruchu ulicznego\project1 v1 gotowy\project1\MyForm.h(1599): warning C4244: 'argument': conversion from 'double' to 'int', possible loss of data
c:\users\jurek\desktop\symulator ruchu ulicznego\project1 v1 gotowy\project1\MyForm.h(1604): warning C4244: 'argument': conversion from 'double' to 'int', possible loss of data
c:\users\jurek\desktop\symulator ruchu ulicznego\project1 v1 gotowy\project1\MyForm.h(1618): warning C4244: 'argument': conversion from 'double' to 'int', possible loss of data
c:\users\jurek\desktop\symulator ruchu ulicznego\project1 v1 gotowy\project1\MyForm.h(1633): warning C4244: 'argument': conversion from 'double' to 'int', possible loss of data
c:\users\jurek\desktop\symulator ruchu ulicznego\project1 v1 gotowy\project1\MyForm.h(1646): warning C4244: 'argument': conversion from 'double' to 'int', possible loss of data
c:\users\jurek\desktop\symulator ruchu ulicznego\project1 v1 gotowy\project1\MyForm.h(1658): warning C4244: 'argument': conversion from 'double' to 'int', possible loss of data
c:\users\jurek\desktop\symulator ruchu ulicznego\project1 v1 gotowy\project1\MyForm.h(1672): warning C4244: 'argument': conversion from 'double' to 'int', possible loss of data
c:\users\jurek\desktop\symulator ruchu ulicznego\project1 v1 gotowy\project1\MyForm.h(1695): warning C4244: 'argument': conversion from 'double' to 'int', possible loss of data
c:\users\jurek\desktop\symulator ruchu ulicznego\project1 v1 gotowy\project1\MyForm.h(1700): warning C4244: 'argument': conversion from 'double' to 'int', possible loss of data
c:\users\jurek\desktop\symulator ruchu ulicznego\project1 v1 gotowy\project1\MyForm.h(1714): warning C4244: 'argument': conversion from 'double' to 'int', possible loss of data
c:\users\jurek\desktop\symulator ruchu ulicznego\project1 v1 gotowy\project1\MyForm.h(1729): warning C4244: 'argument': conversion from 'double' to 'int', possible loss of data
c:\users\jurek\desktop\symulator ruchu ulicznego\project1 v1 gotowy\project1\MyForm.h(1763): warning C4244: 'argument': conversion from 'double' to 'int', possible loss of data
c:\users\jurek\desktop\symulator ruchu ulicznego\project1 v1 gotowy\project1\MyForm.h(1777): warning C4244: 'argument': conversion from 'double' to 'int', possible loss of data
c:\users\jurek\desktop\symulator ruchu ulicznego\project1 v1 gotowy\project1\MyForm.h(1786): warning C4244: 'argument': conversion from 'double' to 'int', possible loss of data
c:\users\jurek\desktop\symulator ruchu ulicznego\project1 v1 gotowy\project1\MyForm.h(1808): warning C4244: 'argument': conversion from 'double' to 'int', possible loss of data
c:\users\jurek\desktop\symulator ruchu ulicznego\project1 v1 gotowy\project1\MyForm.h(1822): warning C4244: 'argument': conversion from 'double' to 'int', possible loss of data
c:\users\jurek\desktop\symulator ruchu ulicznego\project1 v1 gotowy\project1\MyForm.h(1831): warning C4244: 'argument': conversion from 'double' to 'int', possible loss of data
c:\users\jurek\desktop\symulator ruchu ulicznego\project1 v1 gotowy\project1\MyForm.h(1853): warning C4244: 'argument': conversion from 'double' to 'int', possible loss of data
c:\users\jurek\desktop\symulator ruchu ulicznego\project1 v1 gotowy\project1\MyForm.h(1867): warning C4244: 'argument': conversion from 'double' to 'int', possible loss of data
c:\users\jurek\desktop\symulator ruchu ulicznego\project1 v1 gotowy\project1\MyForm.h(1876): warning C4244: 'argument': conversion from 'double' to 'int', possible loss of data
c:\users\jurek\desktop\symulator ruchu ulicznego\project1 v1 gotowy\project1\MyForm.h(1898): warning C4244: 'argument': conversion from 'double' to 'int', possible loss of data
c:\users\jurek\desktop\symulator ruchu ulicznego\project1 v1 gotowy\project1\MyForm.h(1912): warning C4244: 'argument': conversion from 'double' to 'int', possible loss of data
c:\users\jurek\desktop\symulator ruchu ulicznego\project1 v1 gotowy\project1\MyForm.h(1921): warning C4244: 'argument': conversion from 'double' to 'int', possible loss of data
c:\users\jurek\desktop\symulator ruchu ulicznego\project1 v1 gotowy\project1\MyForm.h(1942): warning C4244: 'argument': conversion from 'double' to 'int', possible loss of data
c:\users\jurek\desktop\symulator ruchu ulicznego\project1 v1 gotowy\project1\MyForm.h(1960): warning C4244: 'argument': conversion from 'double' to 'int', possible loss of data
c:\users\jurek\desktop\symulator ruchu ulicznego\project1 v1 gotowy\project1\MyForm.h(1978): warning C4244: 'argument': conversion from 'double' to 'int', possible loss of data
c:\users\jurek\desktop\symulator ruchu ulicznego\project1 v1 gotowy\project1\MyForm.h(1996): warning C4244: 'argument': conversion from 'double' to 'int', possible loss of data
  Car.obj : /DEBUG:FASTLINK is not supported when managed code is present; restarting link with /DEBUG:FULL
  Project1.vcxproj -> C:\Users\Jurek\Desktop\Symulator ruchu ulicznego\Project1 v1 gotowy\Debug\Project1.exe
  Project1.vcxproj -> C:\Users\Jurek\Desktop\Symulator ruchu ulicznego\Project1 v1 gotowy\Debug\Project1.pdb (Partial PDB)
